{
  "stats": {
    "suites": 1,
    "tests": 1,
    "passes": 1,
    "pending": 0,
    "failures": 0,
    "start": "2021-08-01T15:04:03.282Z",
    "end": "2021-08-01T15:04:10.810Z",
    "duration": 7528,
    "testsRegistered": 1,
    "passPercent": 100,
    "pendingPercent": 0,
    "other": 0,
    "hasOther": false,
    "skipped": 0,
    "hasSkipped": false
  },
  "results": [
    {
      "uuid": "4cfde5e5-4a3c-4a8a-b14d-83f761b2f088",
      "title": "",
      "fullFile": "cypress/integration/com.techproed/day03_frames.js",
      "file": "cypress/integration/com.techproed/day03_frames.js",
      "beforeHooks": [],
      "afterHooks": [],
      "tests": [],
      "suites": [
        {
          "uuid": "a9823ac8-1467-48f6-82a8-a271d17c16ee",
          "title": "iframes",
          "fullFile": "",
          "file": "",
          "beforeHooks": [],
          "afterHooks": [],
          "tests": [
            {
              "title": "handeling iframes",
              "fullTitle": "iframes handeling iframes",
              "timedOut": null,
              "duration": 4598,
              "state": "passed",
              "speed": "slow",
              "pass": true,
              "fail": false,
              "pending": false,
              "context": null,
              "code": "/*iframes:\nframes are pages within a page\nthere are multiple html tag in a single page\n 1.install plugin : \n LINK: https://www.npmjs.com/package/cypress-iframe\n RUN ON TERMINAL : npm install -D cypress-iframe\n 2. IMPORT PACKAGE IN THE CLASS : import 'cypress-iframe';\n 3. cy.frameLoaded('CSS OF THE FRAME');\n 4. Once we are inside the the frame, we need to use below sysntax to find element\ncy.iframe().find('CSS OF ELEMENT')\n */\ncy.visit('https://the-internet.herokuapp.com/iframe'); //ASSERTING THE TEXT\ncy.get('h3').should('contain.text', 'Editor'); //Switching the iframe element\n//#mce_0_ifr is the css locator of the frame\ncy.frameLoaded('#mce_0_ifr');\ncy.iframe() //We need to use iframe() when we are inside the iframes\n.find('p') //use find() to locate the element inside the frame\n.clear(); //clearing the element\ncy.iframe().find('p').type('Inside the iframe'); //WORKING OUTSIDE OF THE FRAME\n//Cypress automatically handles element athtais outside of the frame\n//ASSERTING THE TEXT\ncy.get('h3').should('contain.text', 'Editor'); //clicking on the Elemental Selenium\ncy.contains('Elemental Selenium').click();",
              "err": {},
              "uuid": "df0e51ca-8918-4280-b5ca-3a496f0a9f02",
              "parentUUID": "a9823ac8-1467-48f6-82a8-a271d17c16ee",
              "isHook": false,
              "skipped": false
            }
          ],
          "suites": [],
          "passes": [
            "df0e51ca-8918-4280-b5ca-3a496f0a9f02"
          ],
          "failures": [],
          "pending": [],
          "skipped": [],
          "duration": 4598,
          "root": false,
          "rootEmpty": false,
          "_timeout": 2000
        }
      ],
      "passes": [],
      "failures": [],
      "pending": [],
      "skipped": [],
      "duration": 0,
      "root": true,
      "rootEmpty": true,
      "_timeout": 2000
    }
  ],
  "meta": {
    "mocha": {
      "version": "7.0.1"
    },
    "mochawesome": {
      "options": {
        "quiet": false,
        "reportFilename": "report",
        "saveHtml": true,
        "saveJson": true,
        "consoleReporter": "spec",
        "useInlineDiffs": false,
        "code": true
      },
      "version": "6.2.2"
    },
    "marge": {
      "options": {
        "reportDir": "cypress/reports",
        "reportFilename": "report",
        "overwrite": false,
        "html": true,
        "json": true,
        "charts": true
      },
      "version": "5.2.0"
    }
  }
}