{
  "stats": {
    "suites": 1,
    "tests": 1,
    "passes": 1,
    "pending": 0,
    "failures": 0,
    "start": "2021-08-01T15:03:05.988Z",
    "end": "2021-08-01T15:03:22.615Z",
    "duration": 16627,
    "testsRegistered": 1,
    "passPercent": 100,
    "pendingPercent": 0,
    "other": 0,
    "hasOther": false,
    "skipped": 0,
    "hasSkipped": false
  },
  "results": [
    {
      "uuid": "f8da7296-4066-4083-b72a-7aa38a338ac5",
      "title": "",
      "fullFile": "cypress/integration/com.techproed/day02_scroll.js",
      "file": "cypress/integration/com.techproed/day02_scroll.js",
      "beforeHooks": [],
      "afterHooks": [],
      "tests": [],
      "suites": [
        {
          "uuid": "245ea868-24af-4da3-8e3b-7fc0d2ab4707",
          "title": "Scroll",
          "fullFile": "",
          "file": "",
          "beforeHooks": [],
          "afterHooks": [],
          "tests": [
            {
              "title": "Scroll into view",
              "fullTitle": "Scroll Scroll into view",
              "timedOut": null,
              "duration": 13037,
              "state": "passed",
              "speed": "slow",
              "pass": true,
              "fail": false,
              "pending": false,
              "context": null,
              "code": "cy.visit('https://qa-environment.crystalkeyhotels.com/'); //Scrolling down to view 'Our Rooms'\ncy.get('.col-md-7 > .mb-4').scrollIntoView();\ncy.wait(3000); //Scrolling down to view 'Recent Blog'\ncy.get(':nth-child(9) > .container > .justify-content-center > .col-md-7 > h2').scrollIntoView();\ncy.wait(3000); //Scrolling to 'Checkin date'\ncy.get(':nth-child(1) > .form-group > .wrap > label').scrollIntoView(); //scrollTo(x,y)\ncy.wait(2000);\ncy.scrollTo(0, 1000);\ncy.wait(2000);\ncy.scrollTo(0, -500);",
              "err": {},
              "uuid": "fbacf4e9-6f72-4595-a043-75ed36133964",
              "parentUUID": "245ea868-24af-4da3-8e3b-7fc0d2ab4707",
              "isHook": false,
              "skipped": false
            }
          ],
          "suites": [],
          "passes": [
            "fbacf4e9-6f72-4595-a043-75ed36133964"
          ],
          "failures": [],
          "pending": [],
          "skipped": [],
          "duration": 13037,
          "root": false,
          "rootEmpty": false,
          "_timeout": 2000
        }
      ],
      "passes": [],
      "failures": [],
      "pending": [],
      "skipped": [],
      "duration": 0,
      "root": true,
      "rootEmpty": true,
      "_timeout": 2000
    }
  ],
  "meta": {
    "mocha": {
      "version": "7.0.1"
    },
    "mochawesome": {
      "options": {
        "quiet": false,
        "reportFilename": "report",
        "saveHtml": true,
        "saveJson": true,
        "consoleReporter": "spec",
        "useInlineDiffs": false,
        "code": true
      },
      "version": "6.2.2"
    },
    "marge": {
      "options": {
        "reportDir": "cypress/reports",
        "reportFilename": "report",
        "overwrite": false,
        "html": true,
        "json": true,
        "charts": true
      },
      "version": "5.2.0"
    }
  }
}