{
  "stats": {
    "suites": 1,
    "tests": 1,
    "passes": 0,
    "pending": 0,
    "failures": 1,
    "start": "2021-08-01T15:04:31.409Z",
    "end": "2021-08-01T15:04:52.501Z",
    "duration": 21092,
    "testsRegistered": 1,
    "passPercent": 0,
    "pendingPercent": 0,
    "other": 0,
    "hasOther": false,
    "skipped": 0,
    "hasSkipped": false
  },
  "results": [
    {
      "uuid": "c21ec084-6316-43e7-864e-31877c376df1",
      "title": "",
      "fullFile": "cypress/integration/com.techproed/day04_custom_search.js",
      "file": "cypress/integration/com.techproed/day04_custom_search.js",
      "beforeHooks": [],
      "afterHooks": [],
      "tests": [],
      "suites": [
        {
          "uuid": "6c4b9713-ea34-4622-bf51-70de9653cdc9",
          "title": "Search",
          "fullFile": "",
          "file": "",
          "beforeHooks": [],
          "afterHooks": [],
          "tests": [
            {
              "title": "amazon search",
              "fullTitle": "Search amazon search",
              "timedOut": null,
              "duration": 17134,
              "state": "failed",
              "speed": null,
              "pass": false,
              "fail": true,
              "pending": false,
              "context": null,
              "code": "cy.amazonSearch('tea pot');\ncy.get('.a-color-state').should('have.text', '\"tea pot\"');\ncy.title().should('include', 'teapot');\ncy.screenshot();",
              "err": {
                "message": "AssertionError: Timed out retrying after 4000ms: expected '<span.a-color-state.a-text-bold>' to have text '\"tea pot\"', but the text was '\"t\"'",
                "estack": "AssertionError: Timed out retrying after 4000ms: expected '<span.a-color-state.a-text-bold>' to have text '\"tea pot\"', but the text was '\"t\"'\n    at Context.eval (https://www.amazon.com/__cypress/tests?p=cypress/integration/com.techproed/day04_custom_search.js:102:30)",
                "diff": "- '\"t\"'\n+ '\"tea pot\"'\n"
              },
              "uuid": "92b3b50c-aa9a-411c-b3cc-2debdcad322a",
              "parentUUID": "6c4b9713-ea34-4622-bf51-70de9653cdc9",
              "isHook": false,
              "skipped": false
            }
          ],
          "suites": [],
          "passes": [],
          "failures": [
            "92b3b50c-aa9a-411c-b3cc-2debdcad322a"
          ],
          "pending": [],
          "skipped": [],
          "duration": 17134,
          "root": false,
          "rootEmpty": false,
          "_timeout": 2000
        }
      ],
      "passes": [],
      "failures": [],
      "pending": [],
      "skipped": [],
      "duration": 0,
      "root": true,
      "rootEmpty": true,
      "_timeout": 2000
    }
  ],
  "meta": {
    "mocha": {
      "version": "7.0.1"
    },
    "mochawesome": {
      "options": {
        "quiet": false,
        "reportFilename": "report",
        "saveHtml": true,
        "saveJson": true,
        "consoleReporter": "spec",
        "useInlineDiffs": false,
        "code": true
      },
      "version": "6.2.2"
    },
    "marge": {
      "options": {
        "reportDir": "cypress/reports",
        "reportFilename": "report",
        "overwrite": false,
        "html": true,
        "json": true,
        "charts": true
      },
      "version": "5.2.0"
    }
  }
}