{
  "stats": {
    "suites": 3,
    "tests": 9,
    "passes": 9,
    "pending": 0,
    "failures": 0,
    "start": "2021-08-01T14:57:17.939Z",
    "end": "2021-08-01T14:57:28.385Z",
    "duration": 10446,
    "testsRegistered": 9,
    "passPercent": 100,
    "pendingPercent": 0,
    "other": 0,
    "hasOther": false,
    "skipped": 0,
    "hasSkipped": false
  },
  "results": [
    {
      "uuid": "8e2e42b8-33b9-4e3c-8562-7f2c72b91910",
      "title": "",
      "fullFile": "cypress/integration/2-advanced-examples/assertions.spec.js",
      "file": "cypress/integration/2-advanced-examples/assertions.spec.js",
      "beforeHooks": [],
      "afterHooks": [],
      "tests": [],
      "suites": [
        {
          "uuid": "3c725761-c8b8-440f-a175-c7e5152f35bd",
          "title": "Assertions",
          "fullFile": "",
          "file": "",
          "beforeHooks": [],
          "afterHooks": [],
          "tests": [],
          "suites": [
            {
              "uuid": "d6adc8fc-1905-4435-8300-1e301c2baa9f",
              "title": "Implicit Assertions",
              "fullFile": "",
              "file": "",
              "beforeHooks": [],
              "afterHooks": [],
              "tests": [
                {
                  "title": ".should() - make an assertion about the current subject",
                  "fullTitle": "Assertions Implicit Assertions .should() - make an assertion about the current subject",
                  "timedOut": null,
                  "duration": 1583,
                  "state": "passed",
                  "speed": "slow",
                  "pass": true,
                  "fail": false,
                  "pending": false,
                  "context": null,
                  "code": "// https://on.cypress.io/should\ncy.get('.assertion-table').find('tbody tr:last').should('have.class', 'success').find('td').first() // checking the text of the <td> element in various ways\n.should('have.text', 'Column content').should('contain', 'Column content').should('have.html', 'Column content') // chai-jquery uses \"is()\" to check if element matches selector\n.should('match', 'td') // to match text content against a regular expression\n// first need to invoke jQuery method text()\n// and then match using regular expression\n.invoke('text').should('match', /column content/i); // a better way to check element's text content against a regular expression\n// is to use \"cy.contains\"\n// https://on.cypress.io/contains\ncy.get('.assertion-table').find('tbody tr:last') // finds first <td> element with text content matching regular expression\n.contains('td', /column content/i).should('be.visible'); // for more information about asserting element's text\n// see https://on.cypress.io/using-cypress-faq#How-do-I-get-an-element’s-text-contents",
                  "err": {},
                  "uuid": "138debeb-9b3c-4398-9d98-f818e25b8e09",
                  "parentUUID": "d6adc8fc-1905-4435-8300-1e301c2baa9f",
                  "isHook": false,
                  "skipped": false
                },
                {
                  "title": ".and() - chain multiple assertions together",
                  "fullTitle": "Assertions Implicit Assertions .and() - chain multiple assertions together",
                  "timedOut": null,
                  "duration": 601,
                  "state": "passed",
                  "speed": "slow",
                  "pass": true,
                  "fail": false,
                  "pending": false,
                  "context": null,
                  "code": "// https://on.cypress.io/and\ncy.get('.assertions-link').should('have.class', 'active').and('have.attr', 'href').and('include', 'cypress.io');",
                  "err": {},
                  "uuid": "f9e6f674-44cf-4770-a563-e2b990254555",
                  "parentUUID": "d6adc8fc-1905-4435-8300-1e301c2baa9f",
                  "isHook": false,
                  "skipped": false
                }
              ],
              "suites": [],
              "passes": [
                "138debeb-9b3c-4398-9d98-f818e25b8e09",
                "f9e6f674-44cf-4770-a563-e2b990254555"
              ],
              "failures": [],
              "pending": [],
              "skipped": [],
              "duration": 2184,
              "root": false,
              "rootEmpty": false,
              "_timeout": 2000
            },
            {
              "uuid": "7351baa8-773b-482a-9172-cf2cd472046e",
              "title": "Explicit Assertions",
              "fullFile": "",
              "file": "",
              "beforeHooks": [],
              "afterHooks": [],
              "tests": [
                {
                  "title": "expect - make an assertion about a specified subject",
                  "fullTitle": "Assertions Explicit Assertions expect - make an assertion about a specified subject",
                  "timedOut": null,
                  "duration": 497,
                  "state": "passed",
                  "speed": "slow",
                  "pass": true,
                  "fail": false,
                  "pending": false,
                  "context": null,
                  "code": "// We can use Chai's BDD style assertions\nexpect(true).to.be.true;\nconst o = {\n  foo: 'bar'\n};\nexpect(o).to.equal(o);\nexpect(o).to.deep.equal({\n  foo: 'bar'\n}); // matching text using regular expression\nexpect('FooBar').to.match(/bar$/i);",
                  "err": {},
                  "uuid": "45524979-6653-456d-9e86-d5484f70eb02",
                  "parentUUID": "7351baa8-773b-482a-9172-cf2cd472046e",
                  "isHook": false,
                  "skipped": false
                },
                {
                  "title": "pass your own callback function to should()",
                  "fullTitle": "Assertions Explicit Assertions pass your own callback function to should()",
                  "timedOut": null,
                  "duration": 467,
                  "state": "passed",
                  "speed": "slow",
                  "pass": true,
                  "fail": false,
                  "pending": false,
                  "context": null,
                  "code": "// Pass a function to should that can have any number\n// of explicit assertions within it.\n// The \".should(cb)\" function will be retried\n// automatically until it passes all your explicit assertions or times out.\ncy.get('.assertions-p').find('p').should($p => {\n  // https://on.cypress.io/$\n  // return an array of texts from all of the p's\n  // @ts-ignore TS6133 unused variable\n  const texts = $p.map((i, el) => Cypress.$(el).text()); // jquery map returns jquery object\n  // and .get() convert this to simple array\n  const paragraphs = texts.get(); // array should have length of 3\n  expect(paragraphs, 'has 3 paragraphs').to.have.length(3); // use second argument to expect(...) to provide clear\n  // message with each assertion\n  expect(paragraphs, 'has expected text in each paragraph').to.deep.eq(['Some text from first p', 'More text from second p', 'And even more text from third p']);\n});",
                  "err": {},
                  "uuid": "07697464-8efc-479c-bd15-1695eaddeb80",
                  "parentUUID": "7351baa8-773b-482a-9172-cf2cd472046e",
                  "isHook": false,
                  "skipped": false
                },
                {
                  "title": "finds element by class name regex",
                  "fullTitle": "Assertions Explicit Assertions finds element by class name regex",
                  "timedOut": null,
                  "duration": 309,
                  "state": "passed",
                  "speed": "slow",
                  "pass": true,
                  "fail": false,
                  "pending": false,
                  "context": null,
                  "code": "cy.get('.docs-header').find('div') // .should(cb) callback function will be retried\n.should($div => {\n  expect($div).to.have.length(1);\n  const className = $div[0].className;\n  expect(className).to.match(/heading-/);\n}) // .then(cb) callback is not retried,\n// it either passes or fails\n.then($div => {\n  expect($div, 'text content').to.have.text('Introduction');\n});",
                  "err": {},
                  "uuid": "32e5daf5-dba1-4e50-b022-b89c1034f2c6",
                  "parentUUID": "7351baa8-773b-482a-9172-cf2cd472046e",
                  "isHook": false,
                  "skipped": false
                },
                {
                  "title": "can throw any error",
                  "fullTitle": "Assertions Explicit Assertions can throw any error",
                  "timedOut": null,
                  "duration": 356,
                  "state": "passed",
                  "speed": "slow",
                  "pass": true,
                  "fail": false,
                  "pending": false,
                  "context": null,
                  "code": "cy.get('.docs-header').find('div').should($div => {\n  if ($div.length !== 1) {\n    // you can throw your own errors\n    throw new Error('Did not find 1 element');\n  }\n  const className = $div[0].className;\n  if (!className.match(/heading-/)) {\n    throw new Error(`Could not find class \"heading-\" in ${className}`);\n  }\n});",
                  "err": {},
                  "uuid": "ab761a49-bc2d-474c-a497-8e7b4b5b0e1c",
                  "parentUUID": "7351baa8-773b-482a-9172-cf2cd472046e",
                  "isHook": false,
                  "skipped": false
                },
                {
                  "title": "matches unknown text between two elements",
                  "fullTitle": "Assertions Explicit Assertions matches unknown text between two elements",
                  "timedOut": null,
                  "duration": 449,
                  "state": "passed",
                  "speed": "slow",
                  "pass": true,
                  "fail": false,
                  "pending": false,
                  "context": null,
                  "code": "/**\n * Text from the first element.\n * @type {string}\n*/\nlet text;\n/**\n * Normalizes passed text,\n * useful before comparing text with spaces and different capitalization.\n * @param {string} s Text to normalize\n*/\nconst normalizeText = s => s.replace(/\\s/g, '').toLowerCase();\ncy.get('.two-elements').find('.first').then($first => {\n  // save text from the first element\n  text = normalizeText($first.text());\n});\ncy.get('.two-elements').find('.second').should($div => {\n  // we can massage text before comparing\n  const secondText = normalizeText($div.text());\n  expect(secondText, 'second text').to.equal(text);\n});",
                  "err": {},
                  "uuid": "11104e5b-4f6b-4ebf-a59d-a46d6fa404fb",
                  "parentUUID": "7351baa8-773b-482a-9172-cf2cd472046e",
                  "isHook": false,
                  "skipped": false
                },
                {
                  "title": "assert - assert shape of an object",
                  "fullTitle": "Assertions Explicit Assertions assert - assert shape of an object",
                  "timedOut": null,
                  "duration": 489,
                  "state": "passed",
                  "speed": "slow",
                  "pass": true,
                  "fail": false,
                  "pending": false,
                  "context": null,
                  "code": "const person = {\n  name: 'Joe',\n  age: 20\n};\nassert.isObject(person, 'value is object');",
                  "err": {},
                  "uuid": "96364cc5-7635-4cee-a5a8-2ad9d3fc26f7",
                  "parentUUID": "7351baa8-773b-482a-9172-cf2cd472046e",
                  "isHook": false,
                  "skipped": false
                },
                {
                  "title": "retries the should callback until assertions pass",
                  "fullTitle": "Assertions Explicit Assertions retries the should callback until assertions pass",
                  "timedOut": null,
                  "duration": 1889,
                  "state": "passed",
                  "speed": "slow",
                  "pass": true,
                  "fail": false,
                  "pending": false,
                  "context": null,
                  "code": "cy.get('#random-number').should($div => {\n  const n = parseFloat($div.text());\n  expect(n).to.be.gte(1).and.be.lte(10);\n});",
                  "err": {},
                  "uuid": "532cdb37-81d1-4839-a270-a56088d4e396",
                  "parentUUID": "7351baa8-773b-482a-9172-cf2cd472046e",
                  "isHook": false,
                  "skipped": false
                }
              ],
              "suites": [],
              "passes": [
                "45524979-6653-456d-9e86-d5484f70eb02",
                "07697464-8efc-479c-bd15-1695eaddeb80",
                "32e5daf5-dba1-4e50-b022-b89c1034f2c6",
                "ab761a49-bc2d-474c-a497-8e7b4b5b0e1c",
                "11104e5b-4f6b-4ebf-a59d-a46d6fa404fb",
                "96364cc5-7635-4cee-a5a8-2ad9d3fc26f7",
                "532cdb37-81d1-4839-a270-a56088d4e396"
              ],
              "failures": [],
              "pending": [],
              "skipped": [],
              "duration": 4456,
              "root": false,
              "rootEmpty": false,
              "_timeout": 2000
            }
          ],
          "passes": [],
          "failures": [],
          "pending": [],
          "skipped": [],
          "duration": 0,
          "root": false,
          "rootEmpty": false,
          "_timeout": 2000
        }
      ],
      "passes": [],
      "failures": [],
      "pending": [],
      "skipped": [],
      "duration": 0,
      "root": true,
      "rootEmpty": true,
      "_timeout": 2000
    }
  ],
  "meta": {
    "mocha": {
      "version": "7.0.1"
    },
    "mochawesome": {
      "options": {
        "quiet": false,
        "reportFilename": "report",
        "saveHtml": true,
        "saveJson": true,
        "consoleReporter": "spec",
        "useInlineDiffs": false,
        "code": true
      },
      "version": "6.2.2"
    },
    "marge": {
      "options": {
        "reportDir": "cypress/reports",
        "reportFilename": "report",
        "overwrite": false,
        "html": true,
        "json": true,
        "charts": true
      },
      "version": "5.2.0"
    }
  }
}