{
  "stats": {
    "suites": 1,
    "tests": 1,
    "passes": 1,
    "pending": 1,
    "failures": -1,
    "start": "2021-08-01T15:02:07.990Z",
    "end": "2021-08-01T15:02:17.544Z",
    "duration": 9554,
    "testsRegistered": 2,
    "passPercent": 100,
    "pendingPercent": 50,
    "other": 1,
    "hasOther": true,
    "skipped": 1,
    "hasSkipped": true
  },
  "results": [
    {
      "uuid": "cc486bdb-225d-4ab6-a607-d3c9e9e85f3b",
      "title": "",
      "fullFile": "cypress/integration/com.techproed/day02_basic_navigations.js",
      "file": "cypress/integration/com.techproed/day02_basic_navigations.js",
      "beforeHooks": [],
      "afterHooks": [],
      "tests": [],
      "suites": [
        {
          "uuid": "37445ea3-ba08-4162-9fe9-3b7f2c15fb0e",
          "title": "navigations",
          "fullFile": "",
          "file": "",
          "beforeHooks": [],
          "afterHooks": [],
          "tests": [
            {
              "title": "Back, Forward, Refresh",
              "fullTitle": "navigations Back, Forward, Refresh",
              "timedOut": null,
              "duration": 0,
              "state": "pending",
              "speed": null,
              "pass": false,
              "fail": false,
              "pending": true,
              "context": null,
              "code": "",
              "err": {},
              "uuid": "4fab77c6-51cc-4d01-a024-6d4416a3b39f",
              "parentUUID": "37445ea3-ba08-4162-9fe9-3b7f2c15fb0e",
              "isHook": false,
              "skipped": false
            },
            {
              "title": "chaining the navigations",
              "fullTitle": "navigations chaining the navigations",
              "timedOut": null,
              "duration": 6265,
              "state": "passed",
              "speed": "slow",
              "pass": true,
              "fail": false,
              "pending": false,
              "context": null,
              "code": "//WE CAN CHAIN THE FUNCTIONS\ncy.visit('https://qa-environment.crystalkeyhotels.com/'); //chaining the methods\ncy.contains('Log in').click().go('back').go('forward'); //forcing to reload.Note thet we don't need to force here\n//And verify the Log in link is visible \ncy.reload(true) //true means force\n.contains('Log in').should('be.visible'); //asserting if visible",
              "err": {},
              "uuid": "eeb66ff8-a233-4333-958c-f115ca056cfa",
              "parentUUID": "37445ea3-ba08-4162-9fe9-3b7f2c15fb0e",
              "isHook": false,
              "skipped": false
            }
          ],
          "suites": [],
          "passes": [
            "eeb66ff8-a233-4333-958c-f115ca056cfa"
          ],
          "failures": [],
          "pending": [
            "4fab77c6-51cc-4d01-a024-6d4416a3b39f"
          ],
          "skipped": [],
          "duration": 6265,
          "root": false,
          "rootEmpty": false,
          "_timeout": 2000
        }
      ],
      "passes": [],
      "failures": [],
      "pending": [],
      "skipped": [],
      "duration": 0,
      "root": true,
      "rootEmpty": true,
      "_timeout": 2000
    }
  ],
  "meta": {
    "mocha": {
      "version": "7.0.1"
    },
    "mochawesome": {
      "options": {
        "quiet": false,
        "reportFilename": "report",
        "saveHtml": true,
        "saveJson": true,
        "consoleReporter": "spec",
        "useInlineDiffs": false,
        "code": true
      },
      "version": "6.2.2"
    },
    "marge": {
      "options": {
        "reportDir": "cypress/reports",
        "reportFilename": "report",
        "overwrite": false,
        "html": true,
        "json": true,
        "charts": true
      },
      "version": "5.2.0"
    }
  }
}