{
  "stats": {
    "suites": 1,
    "tests": 1,
    "passes": 1,
    "pending": 0,
    "failures": 0,
    "start": "2021-08-01T15:06:04.185Z",
    "end": "2021-08-01T15:06:12.454Z",
    "duration": 8269,
    "testsRegistered": 1,
    "passPercent": 100,
    "pendingPercent": 0,
    "other": 0,
    "hasOther": false,
    "skipped": 0,
    "hasSkipped": false
  },
  "results": [
    {
      "uuid": "518d99bd-2fd4-47a2-8106-1152f1f41d06",
      "title": "",
      "fullFile": "cypress/integration/com.techproed/day05_daylinn_login_with_fixture.js",
      "file": "cypress/integration/com.techproed/day05_daylinn_login_with_fixture.js",
      "beforeHooks": [],
      "afterHooks": [],
      "tests": [],
      "suites": [
        {
          "uuid": "6b022150-bb73-4762-af44-24b57310aba9",
          "title": "PAYLINN",
          "fullFile": "",
          "file": "",
          "beforeHooks": [],
          "afterHooks": [],
          "tests": [
            {
              "title": "Paylinn login test",
              "fullTitle": "PAYLINN Paylinn login test",
              "timedOut": null,
              "duration": 5180,
              "state": "passed",
              "speed": "slow",
              "pass": true,
              "fail": false,
              "pending": false,
              "context": null,
              "code": "// going to the application\ncy.visit('https://paylinn.com/'); //clicking on sign in \ncy.contains('Sign In').click(); //entering username\ncy.get(':nth-child(1) > .MuiFormControl-root > .MuiInputBase-root > .MuiInputBase-input').type(this.data.username); //Asserting if username is entered in the input box\n//We will verify if the calue attribute has User (this.data.username)\n//<input aria-invalid=\"true\" name=\"username\" type=\"text\" class=\"MuiInputBase-input MuiInput-input\" value=\"User\">\ncy.get(':nth-child(1) > .MuiFormControl-root > .MuiInputBase-root > .MuiInputBase-input').should('have.attr', 'value', this.data.username); //entering password\ncy.get(':nth-child(2) > .MuiFormControl-root > .MuiInputBase-root > .MuiInputBase-input').type(this.data.password); //Asserting if username element has teh value of user(this.data.password)\ncy.get(':nth-child(2) > .MuiFormControl-root > .MuiInputBase-root > .MuiInputBase-input').should('have.attr', 'value', this.data.password); // clicking on the sign in button\ncy.get('.MuiButton-label').click(); //verifying the log in successfull\ncy.get('.header__nav > :nth-child(1) > .header__lineOne').should('contain.text', 'Welcome');\ncy.get('.header__nav').should('contain.text', 'Welcome').and('contain.text', 'React').and('contain.text', 'Logout').and('contain.text', this.data.username);",
              "err": {},
              "uuid": "37fc0ef6-cadd-48cc-8536-343959e2178e",
              "parentUUID": "6b022150-bb73-4762-af44-24b57310aba9",
              "isHook": false,
              "skipped": false
            }
          ],
          "suites": [],
          "passes": [
            "37fc0ef6-cadd-48cc-8536-343959e2178e"
          ],
          "failures": [],
          "pending": [],
          "skipped": [],
          "duration": 5180,
          "root": false,
          "rootEmpty": false,
          "_timeout": 2000
        }
      ],
      "passes": [],
      "failures": [],
      "pending": [],
      "skipped": [],
      "duration": 0,
      "root": true,
      "rootEmpty": true,
      "_timeout": 2000
    }
  ],
  "meta": {
    "mocha": {
      "version": "7.0.1"
    },
    "mochawesome": {
      "options": {
        "quiet": false,
        "reportFilename": "report",
        "saveHtml": true,
        "saveJson": true,
        "consoleReporter": "spec",
        "useInlineDiffs": false,
        "code": true
      },
      "version": "6.2.2"
    },
    "marge": {
      "options": {
        "reportDir": "cypress/reports",
        "reportFilename": "report",
        "overwrite": false,
        "html": true,
        "json": true,
        "charts": true
      },
      "version": "5.2.0"
    }
  }
}