{
  "stats": {
    "suites": 1,
    "tests": 1,
    "passes": 1,
    "pending": 0,
    "failures": 0,
    "start": "2021-08-01T15:05:29.606Z",
    "end": "2021-08-01T15:05:47.028Z",
    "duration": 17422,
    "testsRegistered": 1,
    "passPercent": 100,
    "pendingPercent": 0,
    "other": 0,
    "hasOther": false,
    "skipped": 0,
    "hasSkipped": false
  },
  "results": [
    {
      "uuid": "7ed7892f-cc4f-49b9-9a19-09f1a217d3a4",
      "title": "",
      "fullFile": "cypress/integration/com.techproed/day04_viewports.js",
      "file": "cypress/integration/com.techproed/day04_viewports.js",
      "beforeHooks": [],
      "afterHooks": [],
      "tests": [],
      "suites": [
        {
          "uuid": "59554b21-f9ee-4000-8897-33a1a6cbb6c6",
          "title": "Viewports",
          "fullFile": "",
          "file": "",
          "beforeHooks": [],
          "afterHooks": [],
          "tests": [
            {
              "title": "view with iphone 6",
              "fullTitle": "Viewports view with iphone 6",
              "timedOut": null,
              "duration": 13874,
              "state": "passed",
              "speed": "slow",
              "pass": true,
              "fail": false,
              "pending": false,
              "context": null,
              "code": "cy.visit('www.ebay.com');\ncy.viewport('iphone-6');\ncy.screenshot();",
              "err": {},
              "uuid": "3b818919-700b-4aec-ab28-c4792438ee38",
              "parentUUID": "59554b21-f9ee-4000-8897-33a1a6cbb6c6",
              "isHook": false,
              "skipped": false
            }
          ],
          "suites": [],
          "passes": [
            "3b818919-700b-4aec-ab28-c4792438ee38"
          ],
          "failures": [],
          "pending": [],
          "skipped": [],
          "duration": 13874,
          "root": false,
          "rootEmpty": false,
          "_timeout": 2000
        }
      ],
      "passes": [],
      "failures": [],
      "pending": [],
      "skipped": [],
      "duration": 0,
      "root": true,
      "rootEmpty": true,
      "_timeout": 2000
    }
  ],
  "meta": {
    "mocha": {
      "version": "7.0.1"
    },
    "mochawesome": {
      "options": {
        "quiet": false,
        "reportFilename": "report",
        "saveHtml": true,
        "saveJson": true,
        "consoleReporter": "spec",
        "useInlineDiffs": false,
        "code": true
      },
      "version": "6.2.2"
    },
    "marge": {
      "options": {
        "reportDir": "cypress/reports",
        "reportFilename": "report",
        "overwrite": false,
        "html": true,
        "json": true,
        "charts": true
      },
      "version": "5.2.0"
    }
  }
}