{
  "stats": {
    "suites": 1,
    "tests": 1,
    "passes": 1,
    "pending": 0,
    "failures": 0,
    "start": "2021-08-01T15:00:59.830Z",
    "end": "2021-08-01T15:01:09.306Z",
    "duration": 9476,
    "testsRegistered": 1,
    "passPercent": 100,
    "pendingPercent": 0,
    "other": 0,
    "hasOther": false,
    "skipped": 0,
    "hasSkipped": false
  },
  "results": [
    {
      "uuid": "da97ab23-cfd6-46c8-8c93-b3c2c7556781",
      "title": "",
      "fullFile": "cypress/integration/com.techproed/day01_finding_elements.js",
      "file": "cypress/integration/com.techproed/day01_finding_elements.js",
      "beforeHooks": [],
      "afterHooks": [],
      "tests": [],
      "suites": [
        {
          "uuid": "eb9a7ee7-b03d-4a3f-af49-46f1425c6ee7",
          "title": "Finding Elements",
          "fullFile": "",
          "file": "",
          "beforeHooks": [],
          "afterHooks": [],
          "tests": [
            {
              "title": "get method",
              "fullTitle": "Finding Elements get method",
              "timedOut": null,
              "duration": 6250,
              "state": "passed",
              "speed": "slow",
              "pass": true,
              "fail": false,
              "pending": false,
              "context": null,
              "code": "cy.visit('https://qa-environment.crystalkeyhotels.com/');\ncy.contains('Log in').click(); //Assertions:\n//1.Asserting if URL contains 'Logon'\ncy.url().should('include', 'Logon'); //2.Assert if Log in is visible\ncy.get('.row > .mb-4').should('be.visible'); //Finding total number of links that is child of li\n//Assert the total is 29\n//  li a => Means give me all link(a) that is child of list item(li)\n// xpath = li//a , css = li a\ncy.get('li a').should('have.length', 29); //find() is used to find elements after get()\n//get the Single room and assert there is one matching element\ncy.get(\"a[href='/Rooms/6']\").should('have.length', 1); //We can also say specifically\n//find a[href='/Rooms/6'] that is child of li\ncy.get('li').find(\"a[href='/Rooms/6']\").should('have.length', 1); //3. within () is also used after get()\n// Looks for specific elements within that parent\n//1st option\ncy.get(\"a[href='/Rooms/318']\").should('have.length', 1); //2nd option\ncy.get('div.categories').find(\"a[href='/Rooms/6']\").should('have.length', 1); //3rd option\ncy.get('div.categories').within(() => {\n  //search for the elements that are child of div.categories\n  cy.get(\"a[href='/Rooms/318']\").should('have.length', 1);\n  cy.get(\"a[href='/Rooms/318']\").click();\n});\n/*\nNOTES: -We should always try get() to find the elements first\n-If this fails to locate the element(not visible, not unique ,...)\nThen try find\n-If that also doesn't locate the element\nThen use within\n */",
              "err": {},
              "uuid": "f453f14b-6f15-4ffd-bffd-919b788b4905",
              "parentUUID": "eb9a7ee7-b03d-4a3f-af49-46f1425c6ee7",
              "isHook": false,
              "skipped": false
            }
          ],
          "suites": [],
          "passes": [
            "f453f14b-6f15-4ffd-bffd-919b788b4905"
          ],
          "failures": [],
          "pending": [],
          "skipped": [],
          "duration": 6250,
          "root": false,
          "rootEmpty": false,
          "_timeout": 2000
        }
      ],
      "passes": [],
      "failures": [],
      "pending": [],
      "skipped": [],
      "duration": 0,
      "root": true,
      "rootEmpty": true,
      "_timeout": 2000
    }
  ],
  "meta": {
    "mocha": {
      "version": "7.0.1"
    },
    "mochawesome": {
      "options": {
        "quiet": false,
        "reportFilename": "report",
        "saveHtml": true,
        "saveJson": true,
        "consoleReporter": "spec",
        "useInlineDiffs": false,
        "code": true
      },
      "version": "6.2.2"
    },
    "marge": {
      "options": {
        "reportDir": "cypress/reports",
        "reportFilename": "report",
        "overwrite": false,
        "html": true,
        "json": true,
        "charts": true
      },
      "version": "5.2.0"
    }
  }
}