{
  "stats": {
    "suites": 1,
    "tests": 1,
    "passes": 1,
    "pending": 0,
    "failures": 0,
    "start": "2021-08-01T15:05:06.645Z",
    "end": "2021-08-01T15:05:24.629Z",
    "duration": 17984,
    "testsRegistered": 1,
    "passPercent": 100,
    "pendingPercent": 0,
    "other": 0,
    "hasOther": false,
    "skipped": 0,
    "hasSkipped": false
  },
  "results": [
    {
      "uuid": "d60ac836-3c18-4813-bde4-7407efba2970",
      "title": "",
      "fullFile": "cypress/integration/com.techproed/day04_mocha_hooks.js",
      "file": "cypress/integration/com.techproed/day04_mocha_hooks.js",
      "beforeHooks": [],
      "afterHooks": [],
      "tests": [],
      "suites": [
        {
          "uuid": "2e5832ba-1532-4388-867e-e80873556b97",
          "title": "Hooks",
          "fullFile": "",
          "file": "",
          "beforeHooks": [],
          "afterHooks": [],
          "tests": [
            {
              "title": "Hooks test",
              "fullTitle": "Hooks Hooks test",
              "timedOut": null,
              "duration": 6593,
              "state": "passed",
              "speed": "slow",
              "pass": true,
              "fail": false,
              "pending": false,
              "context": null,
              "code": "cy.contains('Log in').click();",
              "err": {},
              "uuid": "a2ef0d91-0e05-4423-8fa1-3c4e8bef96ae",
              "parentUUID": "2e5832ba-1532-4388-867e-e80873556b97",
              "isHook": false,
              "skipped": false
            }
          ],
          "suites": [],
          "passes": [
            "a2ef0d91-0e05-4423-8fa1-3c4e8bef96ae"
          ],
          "failures": [],
          "pending": [],
          "skipped": [],
          "duration": 6593,
          "root": false,
          "rootEmpty": false,
          "_timeout": 2000
        }
      ],
      "passes": [],
      "failures": [],
      "pending": [],
      "skipped": [],
      "duration": 0,
      "root": true,
      "rootEmpty": true,
      "_timeout": 2000
    }
  ],
  "meta": {
    "mocha": {
      "version": "7.0.1"
    },
    "mochawesome": {
      "options": {
        "quiet": false,
        "reportFilename": "report",
        "saveHtml": true,
        "saveJson": true,
        "consoleReporter": "spec",
        "useInlineDiffs": false,
        "code": true
      },
      "version": "6.2.2"
    },
    "marge": {
      "options": {
        "reportDir": "cypress/reports",
        "reportFilename": "report",
        "overwrite": false,
        "html": true,
        "json": true,
        "charts": true
      },
      "version": "5.2.0"
    }
  }
}