{
  "stats": {
    "suites": 1,
    "tests": 2,
    "passes": 2,
    "pending": 0,
    "failures": 0,
    "start": "2021-08-01T15:06:37.615Z",
    "end": "2021-08-01T15:06:44.481Z",
    "duration": 6866,
    "testsRegistered": 2,
    "passPercent": 100,
    "pendingPercent": 0,
    "other": 0,
    "hasOther": false,
    "skipped": 0,
    "hasSkipped": false
  },
  "results": [
    {
      "uuid": "9b0ee2aa-726d-42ae-a943-fbb3fc15772f",
      "title": "",
      "fullFile": "cypress/integration/com.techproed/first_test_case.js",
      "file": "cypress/integration/com.techproed/first_test_case.js",
      "beforeHooks": [],
      "afterHooks": [],
      "tests": [],
      "suites": [
        {
          "uuid": "3baa00b9-efef-4832-9653-c03832ca0272",
          "title": "My First Test",
          "fullFile": "",
          "file": "",
          "beforeHooks": [],
          "afterHooks": [],
          "tests": [
            {
              "title": "URL Test",
              "fullTitle": "My First Test URL Test",
              "timedOut": null,
              "duration": 1632,
              "state": "passed",
              "speed": "slow",
              "pass": true,
              "fail": false,
              "pending": false,
              "context": null,
              "code": "//verify the url contains 'google'\ncy.visit('https://www.google.com');\ncy.url().should('include', 'google');",
              "err": {},
              "uuid": "73730516-9ed0-4f17-8f7a-53cd9b255f7f",
              "parentUUID": "3baa00b9-efef-4832-9653-c03832ca0272",
              "isHook": false,
              "skipped": false
            },
            {
              "title": "Title Test",
              "fullTitle": "My First Test Title Test",
              "timedOut": null,
              "duration": 932,
              "state": "passed",
              "speed": "slow",
              "pass": true,
              "fail": false,
              "pending": false,
              "context": null,
              "code": "//verify the title equals Google\ncy.visit('https://www.google.com');\ncy.title().should('eq', 'Google');",
              "err": {},
              "uuid": "b6e03012-4a74-43d9-8fc3-7c5ffdbb287e",
              "parentUUID": "3baa00b9-efef-4832-9653-c03832ca0272",
              "isHook": false,
              "skipped": false
            }
          ],
          "suites": [],
          "passes": [
            "73730516-9ed0-4f17-8f7a-53cd9b255f7f",
            "b6e03012-4a74-43d9-8fc3-7c5ffdbb287e"
          ],
          "failures": [],
          "pending": [],
          "skipped": [],
          "duration": 2564,
          "root": false,
          "rootEmpty": false,
          "_timeout": 2000
        }
      ],
      "passes": [],
      "failures": [],
      "pending": [],
      "skipped": [],
      "duration": 0,
      "root": true,
      "rootEmpty": true,
      "_timeout": 2000
    }
  ],
  "meta": {
    "mocha": {
      "version": "7.0.1"
    },
    "mochawesome": {
      "options": {
        "quiet": false,
        "reportFilename": "report",
        "saveHtml": true,
        "saveJson": true,
        "consoleReporter": "spec",
        "useInlineDiffs": false,
        "code": true
      },
      "version": "6.2.2"
    },
    "marge": {
      "options": {
        "reportDir": "cypress/reports",
        "reportFilename": "report",
        "overwrite": false,
        "html": true,
        "json": true,
        "charts": true
      },
      "version": "5.2.0"
    }
  }
}