{
  "stats": {
    "suites": 1,
    "tests": 1,
    "passes": 1,
    "pending": 0,
    "failures": 0,
    "start": "2021-08-01T15:02:27.399Z",
    "end": "2021-08-01T15:02:36.065Z",
    "duration": 8666,
    "testsRegistered": 1,
    "passPercent": 100,
    "pendingPercent": 0,
    "other": 0,
    "hasOther": false,
    "skipped": 0,
    "hasSkipped": false
  },
  "results": [
    {
      "uuid": "5d578668-619f-4ce1-bb7f-bbf417ca9ba4",
      "title": "",
      "fullFile": "cypress/integration/com.techproed/day02_dropdown.js",
      "file": "cypress/integration/com.techproed/day02_dropdown.js",
      "beforeHooks": [],
      "afterHooks": [],
      "tests": [],
      "suites": [
        {
          "uuid": "c8757e33-c133-4880-b318-37ebd4eb4bc7",
          "title": "Dropdown",
          "fullFile": "",
          "file": "",
          "beforeHooks": [],
          "afterHooks": [],
          "tests": [
            {
              "title": "Dropdown test",
              "fullTitle": "Dropdown Dropdown test",
              "timedOut": null,
              "duration": 4359,
              "state": "passed",
              "speed": "slow",
              "pass": true,
              "fail": false,
              "pending": false,
              "context": null,
              "code": "cy.visit('https://the-internet.herokuapp.com/dropdown'); //Cypress uses select method to select from a dropdown\n//1.Locate the dropdown element\n//2.Use select method to select the option\ncy.get('#dropdown') //locating the dropdown element\n.select('Option 1') //Selecting Option 1\n.should('have.value', '1'); //selected value = 1\ncy.wait(2000); //select.get('#dropdown')\ncy.get('#dropdown') //locating the dropdown element\n.select('Option 2') //Selecting Option 2\n.should('have.value', '2'); //selected value = 2",
              "err": {},
              "uuid": "b93b708c-6a5a-429c-9f19-981030c370b9",
              "parentUUID": "c8757e33-c133-4880-b318-37ebd4eb4bc7",
              "isHook": false,
              "skipped": false
            }
          ],
          "suites": [],
          "passes": [
            "b93b708c-6a5a-429c-9f19-981030c370b9"
          ],
          "failures": [],
          "pending": [],
          "skipped": [],
          "duration": 4359,
          "root": false,
          "rootEmpty": false,
          "_timeout": 2000
        }
      ],
      "passes": [],
      "failures": [],
      "pending": [],
      "skipped": [],
      "duration": 0,
      "root": true,
      "rootEmpty": true,
      "_timeout": 2000
    }
  ],
  "meta": {
    "mocha": {
      "version": "7.0.1"
    },
    "mochawesome": {
      "options": {
        "quiet": false,
        "reportFilename": "report",
        "saveHtml": true,
        "saveJson": true,
        "consoleReporter": "spec",
        "useInlineDiffs": false,
        "code": true
      },
      "version": "6.2.2"
    },
    "marge": {
      "options": {
        "reportDir": "cypress/reports",
        "reportFilename": "report",
        "overwrite": false,
        "html": true,
        "json": true,
        "charts": true
      },
      "version": "5.2.0"
    }
  }
}